This file contains any messages produced by compilers while
running configure, to aid debugging if configure makes a mistake.

It was created by yang_mills configure 0.7.3, which was
generated by GNU Autoconf 2.69.  Invocation command line was

  $ ./configure N_c=3 ST_dim=4 Num_levels=1 Num_threads=48 CC=icc CFLAGS=-O3 -axCORE-AVX512 -mtune=skylake -ip -ipo LIBS=-ldl -lz -lc --enable-use-openmp --no-create --no-recursion

## --------- ##
## Platform. ##
## --------- ##

hostname = r000u06l01
uname -m = x86_64
uname -r = 3.10.0-327.36.3.el7.x86_64
uname -s = Linux
uname -v = #1 SMP Mon Oct 24 16:09:20 UTC 2016

/usr/bin/uname -p = x86_64
/bin/uname -X     = unknown

/bin/arch              = x86_64
/usr/bin/arch -k       = unknown
/usr/convex/getsysinfo = unknown
/usr/bin/hostinfo      = unknown
/bin/machine           = unknown
/usr/bin/oslevel       = unknown
/bin/universe          = unknown

PATH: /cineca/prod/opt/libraries/numpy/1.14.0/python--3.6.4/bin
PATH: /cineca/prod/opt/compilers/python/3.6.4/none/bin
PATH: /cineca/prod/opt/compilers/intel/pe-xe-2018/binary/mkl/bin
PATH: /cineca/prod/opt/compilers/gnu/8.3.0/none/bin
PATH: /cineca/prod/opt/compilers/intel/pe-xe-2018/binary/impi/2018.4.274/bin64
PATH: /cineca/prod/opt/compilers/intel/pe-xe-2018/binary/itac/2018.4.025/intel64/bin
PATH: /cineca/prod/opt/compilers/intel/pe-xe-2018/binary/bin
PATH: /cineca/prod/opt/compilers/intel/pe-xe-2018/binary/itac_latest/bin
PATH: /cineca/prod/opt/compilers/intel/pe-xe-2018/binary/inspector/bin64
PATH: /cineca/bin
PATH: /usr/lib64/qt-3.3/bin
PATH: /cineca/prod/opt/environment/module/4.5.0/none/bin
PATH: /usr/local/bin
PATH: /usr/bin
PATH: /usr/local/sbin
PATH: /usr/sbin
PATH: /opt/slurm/current/bin
PATH: /opt/slurm/current/sbin
PATH: /marconi/home/userexternal/agiorgie/.local/bin
PATH: /marconi/home/userexternal/agiorgie/bin


## ----------- ##
## Core tests. ##
## ----------- ##

configure:2196: checking for a BSD-compatible install
configure:2264: result: /usr/bin/install -c
configure:2275: checking whether build environment is sane
configure:2330: result: yes
configure:2481: checking for a thread-safe mkdir -p
configure:2520: result: /usr/bin/mkdir -p
configure:2527: checking for gawk
configure:2543: found /usr/bin/gawk
configure:2554: result: gawk
configure:2565: checking whether make sets $(MAKE)
configure:2587: result: yes
configure:2616: checking whether make supports nested variables
configure:2633: result: yes
configure:2740: checking for gawk
configure:2767: result: gawk
configure:2826: checking for gcc
configure:2853: result: icc
configure:3082: checking for C compiler version
configure:3091: icc --version >&5
icc (ICC) 18.0.5 20180823
Copyright (C) 1985-2018 Intel Corporation.  All rights reserved.

configure:3102: $? = 0
configure:3091: icc -v >&5
icc version 18.0.5 (gcc version 8.3.0 compatibility)
configure:3102: $? = 0
configure:3091: icc -V >&5
Intel(R) C Intel(R) 64 Compiler for applications running on Intel(R) 64, Version 18.0.5.274 Build 20180823
Copyright (C) 1985-2018 Intel Corporation.  All rights reserved.

configure:3102: $? = 0
configure:3091: icc -qversion >&5
icc: command line warning #10006: ignoring unknown option '-qversion'
icc: command line error: no files specified; for help type "icc -help"
configure:3102: $? = 1
configure:3122: checking whether the C compiler works
configure:3144: icc -O3 -axCORE-AVX512 -mtune=skylake -ip -ipo   conftest.c -ldl -lz -lc >&5
configure:3148: $? = 0
configure:3196: result: yes
configure:3199: checking for C compiler default output file name
configure:3201: result: a.out
configure:3207: checking for suffix of executables
configure:3214: icc -o conftest -O3 -axCORE-AVX512 -mtune=skylake -ip -ipo   conftest.c -ldl -lz -lc >&5
configure:3218: $? = 0
configure:3240: result: 
configure:3262: checking whether we are cross compiling
configure:3270: icc -o conftest -O3 -axCORE-AVX512 -mtune=skylake -ip -ipo   conftest.c -ldl -lz -lc >&5
configure:3274: $? = 0
configure:3281: ./conftest
configure:3285: $? = 0
configure:3300: result: no
configure:3305: checking for suffix of object files
configure:3327: icc -c -O3 -axCORE-AVX512 -mtune=skylake -ip -ipo  conftest.c >&5
configure:3331: $? = 0
configure:3352: result: o
configure:3356: checking whether we are using the GNU C compiler
configure:3375: icc -c -O3 -axCORE-AVX512 -mtune=skylake -ip -ipo  conftest.c >&5
configure:3375: $? = 0
configure:3384: result: yes
configure:3393: checking whether icc accepts -g
configure:3413: icc -c -g  conftest.c >&5
configure:3413: $? = 0
configure:3454: result: yes
configure:3471: checking for icc option to accept ISO C89
configure:3534: icc  -c -O3 -axCORE-AVX512 -mtune=skylake -ip -ipo  conftest.c >&5
configure:3534: $? = 0
configure:3547: result: none needed
configure:3578: checking for style of include used by make
configure:3606: result: GNU
configure:3632: checking dependency style of icc
configure:3743: result: gcc3
configure:3767: checking how to run the C preprocessor
configure:3798: icc -E  conftest.c
configure:3798: $? = 0
configure:3812: icc -E  conftest.c
conftest.c(11): error #2379: cannot open source file "ac_nonexistent.h"
  #include <ac_nonexistent.h>
                             ^

configure:3812: $? = 2
configure: failed program was:
| /* confdefs.h */
| #define PACKAGE_NAME "yang_mills"
| #define PACKAGE_TARNAME "yang_mills"
| #define PACKAGE_VERSION "0.7.3"
| #define PACKAGE_STRING "yang_mills 0.7.3"
| #define PACKAGE_BUGREPORT "claudio.bonati82@gmail.com"
| #define PACKAGE_URL ""
| #define PACKAGE "yang_mills"
| #define VERSION "0.7.3"
| /* end confdefs.h.  */
| #include <ac_nonexistent.h>
configure:3837: result: icc -E
configure:3857: icc -E  conftest.c
configure:3857: $? = 0
configure:3871: icc -E  conftest.c
conftest.c(11): error #2379: cannot open source file "ac_nonexistent.h"
  #include <ac_nonexistent.h>
                             ^

configure:3871: $? = 2
configure: failed program was:
| /* confdefs.h */
| #define PACKAGE_NAME "yang_mills"
| #define PACKAGE_TARNAME "yang_mills"
| #define PACKAGE_VERSION "0.7.3"
| #define PACKAGE_STRING "yang_mills 0.7.3"
| #define PACKAGE_BUGREPORT "claudio.bonati82@gmail.com"
| #define PACKAGE_URL ""
| #define PACKAGE "yang_mills"
| #define VERSION "0.7.3"
| /* end confdefs.h.  */
| #include <ac_nonexistent.h>
configure:3900: checking for grep that handles long lines and -e
configure:3958: result: /usr/bin/grep
configure:3963: checking for egrep
configure:4025: result: /usr/bin/grep -E
configure:4030: checking for ANSI C header files
configure:4050: icc -c -O3 -axCORE-AVX512 -mtune=skylake -ip -ipo  conftest.c >&5
configure:4050: $? = 0
configure:4123: icc -o conftest -O3 -axCORE-AVX512 -mtune=skylake -ip -ipo   conftest.c -ldl -lz -lc >&5
configure:4123: $? = 0
configure:4123: ./conftest
configure:4123: $? = 0
configure:4134: result: yes
configure:4147: checking for sys/types.h
configure:4147: icc -c -O3 -axCORE-AVX512 -mtune=skylake -ip -ipo  conftest.c >&5
configure:4147: $? = 0
configure:4147: result: yes
configure:4147: checking for sys/stat.h
configure:4147: icc -c -O3 -axCORE-AVX512 -mtune=skylake -ip -ipo  conftest.c >&5
configure:4147: $? = 0
configure:4147: result: yes
configure:4147: checking for stdlib.h
configure:4147: icc -c -O3 -axCORE-AVX512 -mtune=skylake -ip -ipo  conftest.c >&5
configure:4147: $? = 0
configure:4147: result: yes
configure:4147: checking for string.h
configure:4147: icc -c -O3 -axCORE-AVX512 -mtune=skylake -ip -ipo  conftest.c >&5
configure:4147: $? = 0
configure:4147: result: yes
configure:4147: checking for memory.h
configure:4147: icc -c -O3 -axCORE-AVX512 -mtune=skylake -ip -ipo  conftest.c >&5
configure:4147: $? = 0
configure:4147: result: yes
configure:4147: checking for strings.h
configure:4147: icc -c -O3 -axCORE-AVX512 -mtune=skylake -ip -ipo  conftest.c >&5
configure:4147: $? = 0
configure:4147: result: yes
configure:4147: checking for inttypes.h
configure:4147: icc -c -O3 -axCORE-AVX512 -mtune=skylake -ip -ipo  conftest.c >&5
configure:4147: $? = 0
configure:4147: result: yes
configure:4147: checking for stdint.h
configure:4147: icc -c -O3 -axCORE-AVX512 -mtune=skylake -ip -ipo  conftest.c >&5
configure:4147: $? = 0
configure:4147: result: yes
configure:4147: checking for unistd.h
configure:4147: icc -c -O3 -axCORE-AVX512 -mtune=skylake -ip -ipo  conftest.c >&5
configure:4147: $? = 0
configure:4147: result: yes
configure:4161: checking complex.h usability
configure:4161: icc -c -O3 -axCORE-AVX512 -mtune=skylake -ip -ipo  conftest.c >&5
configure:4161: $? = 0
configure:4161: result: yes
configure:4161: checking complex.h presence
configure:4161: icc -E  conftest.c
configure:4161: $? = 0
configure:4161: result: yes
configure:4161: checking for complex.h
configure:4161: result: yes
configure:4176: checking limits.h usability
configure:4176: icc -c -O3 -axCORE-AVX512 -mtune=skylake -ip -ipo  conftest.c >&5
configure:4176: $? = 0
configure:4176: result: yes
configure:4176: checking limits.h presence
configure:4176: icc -E  conftest.c
configure:4176: $? = 0
configure:4176: result: yes
configure:4176: checking for limits.h
configure:4176: result: yes
configure:4191: checking math.h usability
configure:4191: icc -c -O3 -axCORE-AVX512 -mtune=skylake -ip -ipo  conftest.c >&5
configure:4191: $? = 0
configure:4191: result: yes
configure:4191: checking math.h presence
configure:4191: icc -E  conftest.c
configure:4191: $? = 0
configure:4191: result: yes
configure:4191: checking for math.h
configure:4191: result: yes
configure:4206: checking openssl/md5.h usability
configure:4206: icc -c -O3 -axCORE-AVX512 -mtune=skylake -ip -ipo  conftest.c >&5
configure:4206: $? = 0
configure:4206: result: yes
configure:4206: checking openssl/md5.h presence
configure:4206: icc -E  conftest.c
configure:4206: $? = 0
configure:4206: result: yes
configure:4206: checking for openssl/md5.h
configure:4206: result: yes
configure:4230: checking stdio.h usability
configure:4230: icc -c -O3 -axCORE-AVX512 -mtune=skylake -ip -ipo  conftest.c >&5
configure:4230: $? = 0
configure:4230: result: yes
configure:4230: checking stdio.h presence
configure:4230: icc -E  conftest.c
configure:4230: $? = 0
configure:4230: result: yes
configure:4230: checking for stdio.h
configure:4230: result: yes
configure:4245: checking for stdlib.h
configure:4245: result: yes
configure:4260: checking time.h usability
configure:4260: icc -c -O3 -axCORE-AVX512 -mtune=skylake -ip -ipo  conftest.c >&5
configure:4260: $? = 0
configure:4260: result: yes
configure:4260: checking time.h presence
configure:4260: icc -E  conftest.c
configure:4260: $? = 0
configure:4260: result: yes
configure:4260: checking for time.h
configure:4260: result: yes
configure:4275: checking for library containing MD5_Init
configure:4306: icc -o conftest -O3 -axCORE-AVX512 -mtune=skylake -ip -ipo   conftest.c -ldl -lz -lc >&5
ipo: warning #11021: unresolved MD5_Init
        Referenced in /scratch_local/ipo_iccWrg35E.o
/scratch_local/ipo_iccWrg35E.o: In function `main':
ipo_out.c:(.text+0x2d): undefined reference to `MD5_Init'
configure:4306: $? = 1
configure: failed program was:
| /* confdefs.h */
| #define PACKAGE_NAME "yang_mills"
| #define PACKAGE_TARNAME "yang_mills"
| #define PACKAGE_VERSION "0.7.3"
| #define PACKAGE_STRING "yang_mills 0.7.3"
| #define PACKAGE_BUGREPORT "claudio.bonati82@gmail.com"
| #define PACKAGE_URL ""
| #define PACKAGE "yang_mills"
| #define VERSION "0.7.3"
| #define STDC_HEADERS 1
| #define HAVE_SYS_TYPES_H 1
| #define HAVE_SYS_STAT_H 1
| #define HAVE_STDLIB_H 1
| #define HAVE_STRING_H 1
| #define HAVE_MEMORY_H 1
| #define HAVE_STRINGS_H 1
| #define HAVE_INTTYPES_H 1
| #define HAVE_STDINT_H 1
| #define HAVE_UNISTD_H 1
| #define HAVE_COMPLEX_H 1
| #define HAVE_LIMITS_H 1
| #define HAVE_MATH_H 1
| #define HAVE_OPENSSL_MD5_H 1
| #define HAVE_STDIO_H 1
| #define HAVE_STDLIB_H 1
| #define HAVE_TIME_H 1
| /* end confdefs.h.  */
| 
| /* Override any GCC internal prototype to avoid an error.
|    Use char because int might match the return type of a GCC
|    builtin and then its argument prototype would still apply.  */
| #ifdef __cplusplus
| extern "C"
| #endif
| char MD5_Init ();
| int
| main ()
| {
| return MD5_Init ();
|   ;
|   return 0;
| }
configure:4306: icc -o conftest -O3 -axCORE-AVX512 -mtune=skylake -ip -ipo   conftest.c -lcrypto  -ldl -lz -lc >&5
configure:4306: $? = 0
configure:4323: result: -lcrypto
configure:4343: checking for library containing sqrt
configure:4374: icc -o conftest -O3 -axCORE-AVX512 -mtune=skylake -ip -ipo   conftest.c -lcrypto -ldl -lz -lc >&5
configure:4374: $? = 0
configure:4391: result: none required
configure:4407: checking for inline
configure:4423: icc -c -O3 -axCORE-AVX512 -mtune=skylake -ip -ipo  conftest.c >&5
configure:4423: $? = 0
configure:4431: result: inline
configure:4449: checking for uint32_t
configure:4449: icc -c -O3 -axCORE-AVX512 -mtune=skylake -ip -ipo  conftest.c >&5
configure:4449: $? = 0
configure:4449: result: yes
configure:4463: checking for uint64_t
configure:4463: icc -c -O3 -axCORE-AVX512 -mtune=skylake -ip -ipo  conftest.c >&5
configure:4463: $? = 0
configure:4463: result: yes
configure:4510: checking for icc option to support OpenMP
configure:4525: icc -o conftest -O3 -axCORE-AVX512 -mtune=skylake -ip -ipo   conftest.c -lcrypto -ldl -lz -lc >&5
conftest.c(30): error: identifier "choke" is undefined
   choke me
   ^

In file included from conftest.c(32):
/marconi/prod/opt/compilers/intel/pe-xe-2018/binary/compilers_and_libraries_2018.5.274/linux/compiler/include/omp.h(66): error: expected a ";"
      typedef enum omp_sched_t {
      ^

In file included from conftest.c(32):
/marconi/prod/opt/compilers/intel/pe-xe-2018/binary/compilers_and_libraries_2018.5.274/linux/compiler/include/omp.h(78): error: expected an identifier
      extern void   __KAI_KMPC_CONVENTION  omp_set_schedule          (omp_sched_t, int);
                                                                                   ^

In file included from conftest.c(32):
/marconi/prod/opt/compilers/intel/pe-xe-2018/binary/compilers_and_libraries_2018.5.274/linux/compiler/include/omp.h(95): error: identifier "omp_sched_t" is undefined
      extern void   __KAI_KMPC_CONVENTION  omp_get_schedule            (omp_sched_t *, int *);
                                                                        ^

compilation aborted for conftest.c (code 2)
configure:4525: $? = 2
configure: failed program was:
| /* confdefs.h */
| #define PACKAGE_NAME "yang_mills"
| #define PACKAGE_TARNAME "yang_mills"
| #define PACKAGE_VERSION "0.7.3"
| #define PACKAGE_STRING "yang_mills 0.7.3"
| #define PACKAGE_BUGREPORT "claudio.bonati82@gmail.com"
| #define PACKAGE_URL ""
| #define PACKAGE "yang_mills"
| #define VERSION "0.7.3"
| #define STDC_HEADERS 1
| #define HAVE_SYS_TYPES_H 1
| #define HAVE_SYS_STAT_H 1
| #define HAVE_STDLIB_H 1
| #define HAVE_STRING_H 1
| #define HAVE_MEMORY_H 1
| #define HAVE_STRINGS_H 1
| #define HAVE_INTTYPES_H 1
| #define HAVE_STDINT_H 1
| #define HAVE_UNISTD_H 1
| #define HAVE_COMPLEX_H 1
| #define HAVE_LIMITS_H 1
| #define HAVE_MATH_H 1
| #define HAVE_OPENSSL_MD5_H 1
| #define HAVE_STDIO_H 1
| #define HAVE_STDLIB_H 1
| #define HAVE_TIME_H 1
| /* end confdefs.h.  */
| 
| #ifndef _OPENMP
|  choke me
| #endif
| #include <omp.h>
| int main () { return omp_get_num_threads (); }
| 
configure:4543: icc -o conftest -O3 -axCORE-AVX512 -mtune=skylake -ip -ipo -fopenmp   conftest.c -lcrypto -ldl -lz -lc >&5
configure:4543: $? = 0
configure:4557: result: -fopenmp
configure:4572: checking omp.h usability
configure:4572: icc -c -O3 -axCORE-AVX512 -mtune=skylake -ip -ipo  conftest.c >&5
configure:4572: $? = 0
configure:4572: result: yes
configure:4572: checking omp.h presence
configure:4572: icc -E  conftest.c
configure:4572: $? = 0
configure:4572: result: yes
configure:4572: checking for omp.h
configure:4572: result: yes
configure:4847: checking that generated files are newer than configure
configure:4853: result: done
configure:4880: creating ./config.status

## ---------------- ##
## Cache variables. ##
## ---------------- ##

ac_cv_c_compiler_gnu=yes
ac_cv_c_inline=inline
ac_cv_c_uint32_t=yes
ac_cv_c_uint64_t=yes
ac_cv_env_CC_set=set
ac_cv_env_CC_value=icc
ac_cv_env_CFLAGS_set=set
ac_cv_env_CFLAGS_value='-O3 -axCORE-AVX512 -mtune=skylake -ip -ipo'
ac_cv_env_CPPFLAGS_set=
ac_cv_env_CPPFLAGS_value=
ac_cv_env_CPP_set=
ac_cv_env_CPP_value=
ac_cv_env_LDFLAGS_set=
ac_cv_env_LDFLAGS_value=
ac_cv_env_LIBS_set=set
ac_cv_env_LIBS_value='-ldl -lz -lc'
ac_cv_env_N_c_set=set
ac_cv_env_N_c_value=3
ac_cv_env_Num_levels_set=set
ac_cv_env_Num_levels_value=1
ac_cv_env_Num_threads_set=set
ac_cv_env_Num_threads_value=48
ac_cv_env_ST_dim_set=set
ac_cv_env_ST_dim_value=4
ac_cv_env_build_alias_set=
ac_cv_env_build_alias_value=
ac_cv_env_host_alias_set=
ac_cv_env_host_alias_value=
ac_cv_env_target_alias_set=
ac_cv_env_target_alias_value=
ac_cv_header_complex_h=yes
ac_cv_header_inttypes_h=yes
ac_cv_header_limits_h=yes
ac_cv_header_math_h=yes
ac_cv_header_memory_h=yes
ac_cv_header_omp_h=yes
ac_cv_header_openssl_md5_h=yes
ac_cv_header_stdc=yes
ac_cv_header_stdint_h=yes
ac_cv_header_stdio_h=yes
ac_cv_header_stdlib_h=yes
ac_cv_header_string_h=yes
ac_cv_header_strings_h=yes
ac_cv_header_sys_stat_h=yes
ac_cv_header_sys_types_h=yes
ac_cv_header_time_h=yes
ac_cv_header_unistd_h=yes
ac_cv_objext=o
ac_cv_path_EGREP='/usr/bin/grep -E'
ac_cv_path_GREP=/usr/bin/grep
ac_cv_path_install='/usr/bin/install -c'
ac_cv_path_mkdir=/usr/bin/mkdir
ac_cv_prog_AWK=gawk
ac_cv_prog_CPP='icc -E'
ac_cv_prog_ac_ct_CC=icc
ac_cv_prog_c_openmp=-fopenmp
ac_cv_prog_cc_c89=
ac_cv_prog_cc_g=yes
ac_cv_prog_make_make_set=yes
ac_cv_search_MD5_Init=-lcrypto
ac_cv_search_sqrt='none required'
am_cv_CC_dependencies_compiler_type=gcc3
am_cv_make_support_nested_variables=yes

## ----------------- ##
## Output variables. ##
## ----------------- ##

ACLOCAL='${SHELL} /marconi/home/userexternal/agiorgie/programs/yang_mills_PTBC/missing aclocal-1.13'
AMDEPBACKSLASH='\'
AMDEP_FALSE='#'
AMDEP_TRUE=''
AMTAR='$${TAR-tar}'
AM_BACKSLASH='\'
AM_DEFAULT_V='$(AM_DEFAULT_VERBOSITY)'
AM_DEFAULT_VERBOSITY='1'
AM_V='$(V)'
AUTOCONF='${SHELL} /marconi/home/userexternal/agiorgie/programs/yang_mills_PTBC/missing autoconf'
AUTOHEADER='${SHELL} /marconi/home/userexternal/agiorgie/programs/yang_mills_PTBC/missing autoheader'
AUTOMAKE='${SHELL} /marconi/home/userexternal/agiorgie/programs/yang_mills_PTBC/missing automake-1.13'
AWK='gawk'
CC='icc'
CCDEPMODE='depmode=gcc3'
CFLAGS='-O3 -axCORE-AVX512 -mtune=skylake -ip -ipo'
CPP='icc -E'
CPPFLAGS=''
CRYPTO_COMPILATION_FALSE='#'
CRYPTO_COMPILATION_TRUE=''
CYGPATH_W='echo'
DEFS='-DHAVE_CONFIG_H'
DEPDIR='.deps'
ECHO_C=''
ECHO_N='-n'
ECHO_T=''
EGREP='/usr/bin/grep -E'
EXEEXT=''
GREP='/usr/bin/grep'
INSTALL_DATA='${INSTALL} -m 644'
INSTALL_PROGRAM='${INSTALL}'
INSTALL_SCRIPT='${INSTALL}'
INSTALL_STRIP_PROGRAM='$(install_sh) -c -s'
LDFLAGS=''
LIBOBJS=''
LIBS='-lcrypto -ldl -lz -lc'
LTLIBOBJS=''
MAKEINFO='${SHELL} /marconi/home/userexternal/agiorgie/programs/yang_mills_PTBC/missing makeinfo'
MKDIR_P='/usr/bin/mkdir -p'
N_c='3'
Num_levels='1'
Num_threads='48'
OBJEXT='o'
OPENMP_CFLAGS='-fopenmp'
PACKAGE='yang_mills'
PACKAGE_BUGREPORT='claudio.bonati82@gmail.com'
PACKAGE_NAME='yang_mills'
PACKAGE_STRING='yang_mills 0.7.3'
PACKAGE_TARNAME='yang_mills'
PACKAGE_URL=''
PACKAGE_VERSION='0.7.3'
PATH_SEPARATOR=':'
SET_MAKE=''
SHELL='/bin/sh'
STRIP=''
ST_dim='4'
VERSION='0.7.3'
ac_ct_CC='icc'
am__EXEEXT_FALSE=''
am__EXEEXT_TRUE='#'
am__fastdepCC_FALSE='#'
am__fastdepCC_TRUE=''
am__include='include'
am__isrc=''
am__leading_dot='.'
am__nodep='_no'
am__quote=''
am__tar='$${TAR-tar} chof - "$$tardir"'
am__untar='$${TAR-tar} xf -'
bindir='${exec_prefix}/bin'
build_alias=''
datadir='${datarootdir}'
datarootdir='${prefix}/share'
docdir='${datarootdir}/doc/${PACKAGE_TARNAME}'
dvidir='${docdir}'
exec_prefix='${prefix}'
host_alias=''
htmldir='${docdir}'
includedir='${prefix}/include'
infodir='${datarootdir}/info'
install_sh='${SHELL} /marconi/home/userexternal/agiorgie/programs/yang_mills_PTBC/install-sh'
libdir='${exec_prefix}/lib'
libexecdir='${exec_prefix}/libexec'
localedir='${datarootdir}/locale'
localstatedir='${prefix}/var'
mandir='${datarootdir}/man'
mkdir_p='$(MKDIR_P)'
oldincludedir='/usr/include'
pdfdir='${docdir}'
prefix='/usr/local'
program_transform_name='s,x,x,'
psdir='${docdir}'
sbindir='${exec_prefix}/sbin'
sharedstatedir='${prefix}/com'
sysconfdir='${prefix}/etc'
target_alias=''

## ----------- ##
## confdefs.h. ##
## ----------- ##

/* confdefs.h */
#define PACKAGE_NAME "yang_mills"
#define PACKAGE_TARNAME "yang_mills"
#define PACKAGE_VERSION "0.7.3"
#define PACKAGE_STRING "yang_mills 0.7.3"
#define PACKAGE_BUGREPORT "claudio.bonati82@gmail.com"
#define PACKAGE_URL ""
#define PACKAGE "yang_mills"
#define VERSION "0.7.3"
#define STDC_HEADERS 1
#define HAVE_SYS_TYPES_H 1
#define HAVE_SYS_STAT_H 1
#define HAVE_STDLIB_H 1
#define HAVE_STRING_H 1
#define HAVE_MEMORY_H 1
#define HAVE_STRINGS_H 1
#define HAVE_INTTYPES_H 1
#define HAVE_STDINT_H 1
#define HAVE_UNISTD_H 1
#define HAVE_COMPLEX_H 1
#define HAVE_LIMITS_H 1
#define HAVE_MATH_H 1
#define HAVE_OPENSSL_MD5_H 1
#define HAVE_STDIO_H 1
#define HAVE_STDLIB_H 1
#define HAVE_TIME_H 1
#define HAVE_OMP_H 1
#define HASH_MODE /**/
#define OPENMP_MODE /**/
#define NCOLOR 3
#define NLEVELS 1
#define NTHREADS 48
#define STDIM 4

configure: exit 0

## ---------------------- ##
## Running config.status. ##
## ---------------------- ##

This file was extended by yang_mills config.status 0.7.3, which was
generated by GNU Autoconf 2.69.  Invocation command line was

  CONFIG_FILES    = 
  CONFIG_HEADERS  = 
  CONFIG_LINKS    = 
  CONFIG_COMMANDS = 
  $ ./config.status 

on r000u06l01

config.status:873: creating Makefile
config.status:873: creating config.h
config.status:1054: config.h is unchanged
config.status:1102: executing depfiles commands
